<?xml version="1.0" encoding="UTF-8"?>
<!-- Generated by org.testng.reporters.JUnitXMLReporter -->
<testsuite hostname="amrits-MacBook-Air.local" ignored="0" name="Default test" tests="3" failures="0" timestamp="13 Nov 2017 11:10:35 GMT" time="13.268" errors="0">
  <testcase name="readTweets" time="9.587" classname="com.thinksys.statuses.UserTimelineTest"/>
  <testcase name="readTweets1" time="1.948" classname="com.thinksys.statuses.UserTimelineTest"/>
  <testcase name="readTweets3" time="1.02" classname="com.thinksys.statuses.UserTimelineTest"/>
</testsuite> <!-- Default test -->
