<?xml version="1.0" encoding="UTF-8"?>
<testng-results skipped="0" failed="0" total="1" passed="1">
  <reporter-output>
  </reporter-output>
  <suite name="Default suite" duration-ms="3316" started-at="2020-09-14T18:04:12Z" finished-at="2020-09-14T18:04:15Z">
    <groups>
    </groups>
    <test name="Default test" duration-ms="3316" started-at="2020-09-14T18:04:12Z" finished-at="2020-09-14T18:04:15Z">
      <class name="com.assignment.statuses.UserTimelineTest">
        <test-method status="PASS" signature="Test_CreateUser()[pri:0, instance:com.assignment.statuses.UserTimelineTest@5a8806ef]" name="Test_CreateUser" duration-ms="3301" started-at="2020-09-14T23:34:12Z" finished-at="2020-09-14T23:34:15Z">
          <reporter-output>
          </reporter-output>
        </test-method> <!-- Test_CreateUser -->
      </class> <!-- com.assignment.statuses.UserTimelineTest -->
    </test> <!-- Default test -->
  </suite> <!-- Default suite -->
</testng-results>
