<?xml version="1.0" encoding="UTF-8"?>
<testng-results skipped="0" failed="0" ignored="0" total="3" passed="3">
  <reporter-output>
  </reporter-output>
  <suite name="Default suite" duration-ms="13268" started-at="2017-11-13T11:10:17Z" finished-at="2017-11-13T11:10:30Z">
    <groups>
    </groups>
    <test name="Default test" duration-ms="13268" started-at="2017-11-13T11:10:17Z" finished-at="2017-11-13T11:10:30Z">
      <class name="com.thinksys.statuses.UserTimelineTest">
        <test-method status="PASS" signature="setup()[pri:0, instance:com.thinksys.statuses.UserTimelineTest@6f7fd0e6]" name="setup" is-config="true" duration-ms="684" started-at="2017-11-13T16:40:17Z" finished-at="2017-11-13T16:40:17Z">
          <reporter-output>
          </reporter-output>
        </test-method> <!-- setup -->
        <test-method status="PASS" signature="readTweets()[pri:0, instance:com.thinksys.statuses.UserTimelineTest@6f7fd0e6]" name="readTweets" duration-ms="9587" started-at="2017-11-13T16:40:17Z" finished-at="2017-11-13T16:40:27Z">
          <reporter-output>
          </reporter-output>
        </test-method> <!-- readTweets -->
        <test-method status="PASS" signature="readTweets1()[pri:0, instance:com.thinksys.statuses.UserTimelineTest@6f7fd0e6]" name="readTweets1" duration-ms="1948" started-at="2017-11-13T16:40:27Z" finished-at="2017-11-13T16:40:29Z">
          <reporter-output>
          </reporter-output>
        </test-method> <!-- readTweets1 -->
        <test-method status="PASS" signature="readTweets3()[pri:0, instance:com.thinksys.statuses.UserTimelineTest@6f7fd0e6]" name="readTweets3" duration-ms="1020" started-at="2017-11-13T16:40:29Z" finished-at="2017-11-13T16:40:30Z">
          <reporter-output>
          </reporter-output>
        </test-method> <!-- readTweets3 -->
      </class> <!-- com.thinksys.statuses.UserTimelineTest -->
    </test> <!-- Default test -->
  </suite> <!-- Default suite -->
</testng-results>
